Arguments: 
  /usr/local/Cellar/node/8.4.0/bin/node /Users/taksnow/.yarn/bin/yarn.js install

PATH: 
  /Users/taksnow/.yarn/bin:/Volumes/SNOW_WORK/vm/vagrant/.vagrant.d:/Users/taksnow/.pyenv/shims:/Users/taksnow/.pyenv/bin:/Users/taksnow/miniconda/bin:/usr/local/bin:/usr/bin:/bin:/usr/sbin:/sbin:/opt/X11/bin

Yarn version: 
  0.23.2

Node version: 
  8.4.0

Platform: 
  darwin x64

npm manifest: 
  {
  	"name": "ok-store",
  	"version": "0.0.1",
  	"author": "snow",
  	"license": "MIT",
  	"description": "A set of classes for the store/model for web.",
  	"repository": {},
  	"main": "./dist/client/js/index.html",
  	"types": "",
  	"config": {},
  	"scripts": {
  		"update": "tsconfig .",
  		"watch": "watch 'npm run update' ./src ./test",
  		"build:main": "npm run update && webpack --config webpack.main.config.js && dts-bundle --configJson dts.json",
  		"build:test": "npm run build:main && webpack --config webpack.test.config.js",
  		"test": "npm run build:test && mocha ./test/spec/* && karma start karma.conf.js --single-run"
  	},
  	"dependencies": {
  		"deep-equal": "^1.0.1",
  		"page": "^1.7.1",
  		"react": "^15.4.2",
  		"react-dom": "^15.4.2",
  		"react-redux": "^5.0.4",
  		"redux": "^3.6.0",
  		"ts-deepcopy": "^0.1.0",
  		"xml": "^1.0.1"
  	},
  	"devDependencies": {
  		"@types/deep-equal": "^1.0.1",
  		"@types/chai": "^4.0.4",
  		"@types/mocha": "^2.2.42",
  		"chai": "^4.1.1",
  		"dts-bundle": "^0.7.3",
  		"glob": "^7.1.2",
  		"karma": "^1.7.1",
  		"karma-chrome-launcher": "^2.2.0",
  		"karma-firefox-launcher": "^1.0.1",
  		"karma-mocha": "^1.3.0",
  		"karma-mocha-reporter": "^2.2.4",
  		"mocha": "^3.5.0",
  		"ts-loader": "^2.0.3",
  		"tsconfig-glob": "^0.4.3",
  		"typescript": "^2.5.3",
  		"uglifyjs-webpack-plugin": "^1.0.0-beta.3",
  		"watch": "^1.0.2",
  		"webpack": "^2.2.0"
  	},
  	"files": [
  		"/dist",
  		"/types",
  		"/test/spec",
  		"/test/fixture",
  		"/README.md",
  		"/package.json"
  	]
  }

yarn manifest: 
  No manifest

Lockfile: 
  No lockfile

Trace: 
  Error: certificate has expired
      at TLSSocket.<anonymous> (_tls_wrap.js:1108:38)
      at emitNone (events.js:105:13)
      at TLSSocket.emit (events.js:207:7)
      at TLSSocket._finishInit (_tls_wrap.js:638:8)
      at TLSWrap.ssl.onhandshakedone (_tls_wrap.js:468:38)
